<?xml version="1.0" encoding="UTF-8"?>
<!-- Generated by org.testng.reporters.JUnitXMLReporter -->
<testsuite hostname="G1C2ML15625" name="Flipkart" tests="3" failures="0" timestamp="19 Sep 2018 05:56:56 GMT" time="37.138" errors="0">
  <testcase name="checkHomePage" time="10.121" classname="executionclasses.VisitHomePage_Test"/>
  <testcase name="clickOnHealthForumLink" time="6.364" classname="executionclasses.HealthForumPage_Test"/>
  <testcase name="checkHealthForumPage" time="0.148" classname="executionclasses.HealthForumPage_Test"/>
</testsuite> <!-- Flipkart -->
