<?xml version="1.0" encoding="UTF-8"?>
<!-- Generated by org.testng.reporters.JUnitXMLReporter -->
<testsuite hostname="G1C2ML15625" name="Flipkart" tests="12" failures="0" timestamp="20 Sep 2018 07:14:17 GMT" time="89.998" errors="0">
  <testcase name="checkHomePage" time="10.127" classname="executionclasses.VisitHomePage_Test"/>
  <testcase name="clickOnHealthForumLink" time="6.413" classname="executionclasses.HealthForumPage_Test"/>
  <testcase name="checkHealthForumPage" time="0.136" classname="executionclasses.HealthForumPage_Test"/>
  <testcase name="visit_Contact_Us_Page" time="5.266" classname="executionclasses.VisitContactUsPage_Test"/>
  <testcase name="checkContactUsPage" time="0.114" classname="executionclasses.VisitContactUsPage_Test"/>
  <testcase name="visit_About_Us_Page" time="5.28" classname="executionclasses.VisitAboutUsPage_Test"/>
  <testcase name="checkAboutUsPage" time="5.141" classname="executionclasses.VisitAboutUsPage_Test"/>
  <testcase name="visit_Register_Page" time="10.295" classname="executionclasses.RegisterAsAPatientPage_Test"/>
  <testcase name="Register_New_User" time="9.671" classname="executionclasses.RegisterAsAPatientPage_Test"/>
  <testcase name="visit_Patient_LogIN_Page" time="6.321" classname="executionclasses.LoginPatientPage_Test"/>
  <testcase name="LogIN" time="3.757" classname="executionclasses.LoginPatientPage_Test"/>
  <testcase name="LogOut" time="3.915" classname="executionclasses.LoginPatientPage_Test"/>
</testsuite> <!-- Flipkart -->
